<?xml version="1.0" encoding="UTF-8" ?>
<testsuite failures="0" time="0.307" errors="0" skipped="0" tests="2" name="LifeTest">
  <properties>
    <property name="java.runtime.name" value="Java(TM) SE Runtime Environment"/>
    <property name="sun.boot.library.path" value="/opt/devel/sdk/jdk1.6.0_27/jre/lib/i386"/>
    <property name="java.vm.version" value="20.2-b06"/>
    <property name="java.vm.vendor" value="Sun Microsystems Inc."/>
    <property name="java.vendor.url" value="http://java.sun.com/"/>
    <property name="path.separator" value=":"/>
    <property name="java.vm.name" value="Java HotSpot(TM) Server VM"/>
    <property name="file.encoding.pkg" value="sun.io"/>
    <property name="user.country" value="ES"/>
    <property name="sun.java.launcher" value="SUN_STANDARD"/>
    <property name="sun.os.patch.level" value="unknown"/>
    <property name="java.vm.specification.name" value="Java Virtual Machine Specification"/>
    <property name="user.dir" value="/opt/devel/workspaces/unittest-env-skel/groovy-spock"/>
    <property name="java.runtime.version" value="1.6.0_27-b07"/>
    <property name="java.awt.graphicsenv" value="sun.awt.X11GraphicsEnvironment"/>
    <property name="basedir" value="/opt/devel/workspaces/unittest-env-skel/groovy-spock"/>
    <property name="java.endorsed.dirs" value="/opt/devel/sdk/jdk1.6.0_27/jre/lib/endorsed"/>
    <property name="os.arch" value="i386"/>
    <property name="surefire.real.class.path" value="/tmp/surefirebooter3581687868803144390.jar"/>
    <property name="java.io.tmpdir" value="/tmp"/>
    <property name="line.separator" value="
"/>
    <property name="java.vm.specification.vendor" value="Sun Microsystems Inc."/>
    <property name="os.name" value="Linux"/>
    <property name="sun.jnu.encoding" value="UTF-8"/>
    <property name="java.library.path" value="/opt/devel/sdk/jdk1.6.0_27/jre/lib/i386/server:/opt/devel/sdk/jdk1.6.0_27/jre/lib/i386:/opt/devel/sdk/jdk1.6.0_27/jre/../lib/i386:/usr/java/packages/lib/i386:/lib:/usr/lib"/>
    <property name="surefire.test.class.path" value="/opt/devel/workspaces/unittest-env-skel/groovy-spock/target/test-classes:/opt/devel/workspaces/unittest-env-skel/groovy-spock/target/classes:/home/borillo/.m2/repository/org/spockframework/spock-core/0.5-groovy-1.7/spock-core-0.5-groovy-1.7.jar:/home/borillo/.m2/repository/org/codehaus/groovy/groovy-all/1.7.5/groovy-all-1.7.5.jar:/home/borillo/.m2/repository/junit/junit-dep/4.8.2/junit-dep-4.8.2.jar:/home/borillo/.m2/repository/org/hamcrest/hamcrest-core/1.2/hamcrest-core-1.2.jar:/home/borillo/.m2/repository/cglib/cglib-nodep/2.2/cglib-nodep-2.2.jar:/home/borillo/.m2/repository/org/objenesis/objenesis/1.2/objenesis-1.2.jar:/home/borillo/.m2/repository/com/h2database/h2/1.2.147/h2-1.2.147.jar:"/>
    <property name="java.specification.name" value="Java Platform API Specification"/>
    <property name="java.class.version" value="50.0"/>
    <property name="sun.management.compiler" value="HotSpot Tiered Compilers"/>
    <property name="os.version" value="2.6.38-11-generic-pae"/>
    <property name="user.home" value="/home/borillo"/>
    <property name="user.timezone" value=""/>
    <property name="java.awt.printerjob" value="sun.print.PSPrinterJob"/>
    <property name="file.encoding" value="UTF-8"/>
    <property name="java.specification.version" value="1.6"/>
    <property name="user.name" value="borillo"/>
    <property name="java.class.path" value="/opt/devel/workspaces/unittest-env-skel/groovy-spock/target/test-classes:/opt/devel/workspaces/unittest-env-skel/groovy-spock/target/classes:/home/borillo/.m2/repository/org/spockframework/spock-core/0.5-groovy-1.7/spock-core-0.5-groovy-1.7.jar:/home/borillo/.m2/repository/org/codehaus/groovy/groovy-all/1.7.5/groovy-all-1.7.5.jar:/home/borillo/.m2/repository/junit/junit-dep/4.8.2/junit-dep-4.8.2.jar:/home/borillo/.m2/repository/org/hamcrest/hamcrest-core/1.2/hamcrest-core-1.2.jar:/home/borillo/.m2/repository/cglib/cglib-nodep/2.2/cglib-nodep-2.2.jar:/home/borillo/.m2/repository/org/objenesis/objenesis/1.2/objenesis-1.2.jar:/home/borillo/.m2/repository/com/h2database/h2/1.2.147/h2-1.2.147.jar:"/>
    <property name="java.vm.specification.version" value="1.0"/>
    <property name="sun.arch.data.model" value="32"/>
    <property name="java.home" value="/opt/devel/sdk/jdk1.6.0_27/jre"/>
    <property name="sun.java.command" value="/tmp/surefirebooter3581687868803144390.jar /tmp/surefire3829061949313664790tmp /tmp/surefire2587760123072582004tmp"/>
    <property name="java.specification.vendor" value="Sun Microsystems Inc."/>
    <property name="user.language" value="es"/>
    <property name="java.vm.info" value="mixed mode"/>
    <property name="java.version" value="1.6.0_27"/>
    <property name="java.ext.dirs" value="/opt/devel/sdk/jdk1.6.0_27/jre/lib/ext:/usr/java/packages/lib/ext"/>
    <property name="sun.boot.class.path" value="/opt/devel/sdk/jdk1.6.0_27/jre/lib/resources.jar:/opt/devel/sdk/jdk1.6.0_27/jre/lib/rt.jar:/opt/devel/sdk/jdk1.6.0_27/jre/lib/sunrsasign.jar:/opt/devel/sdk/jdk1.6.0_27/jre/lib/jsse.jar:/opt/devel/sdk/jdk1.6.0_27/jre/lib/jce.jar:/opt/devel/sdk/jdk1.6.0_27/jre/lib/charsets.jar:/opt/devel/sdk/jdk1.6.0_27/jre/lib/modules/jdk.boot.jar:/opt/devel/sdk/jdk1.6.0_27/jre/classes"/>
    <property name="java.vendor" value="Sun Microsystems Inc."/>
    <property name="localRepository" value="/home/borillo/.m2/repository"/>
    <property name="file.separator" value="/"/>
    <property name="java.vendor.url.bug" value="http://java.sun.com/cgi-bin/bugreport.cgi"/>
    <property name="sun.cpu.endian" value="little"/>
    <property name="sun.io.unicode.encoding" value="UnicodeLittle"/>
    <property name="sun.desktop" value="gnome"/>
    <property name="sun.cpu.isalist" value=""/>
  </properties>
  <testcase time="0.089" classname="LifeTest" name="should rock"/>
  <testcase time="0.001" classname="LifeTest" name="should rock again"/>
</testsuite>